0 info it worked if it ends with ok
1 verbose cli [ '/opt/local/bin/node', '/opt/local/bin/npm', 'run', 'dev' ]
2 info using npm@2.15.11
3 info using node@v4.6.1
4 verbose stack Error: missing script: dev
4 verbose stack     at run (/opt/local/lib/node_modules/npm/lib/run-script.js:142:19)
4 verbose stack     at /opt/local/lib/node_modules/npm/lib/run-script.js:58:5
4 verbose stack     at /opt/local/lib/node_modules/npm/node_modules/read-package-json/read-json.js:356:5
4 verbose stack     at checkBinReferences_ (/opt/local/lib/node_modules/npm/node_modules/read-package-json/read-json.js:320:45)
4 verbose stack     at final (/opt/local/lib/node_modules/npm/node_modules/read-package-json/read-json.js:354:3)
4 verbose stack     at then (/opt/local/lib/node_modules/npm/node_modules/read-package-json/read-json.js:124:5)
4 verbose stack     at ReadFileContext.<anonymous> (/opt/local/lib/node_modules/npm/node_modules/read-package-json/read-json.js:295:20)
4 verbose stack     at ReadFileContext.callback (/opt/local/lib/node_modules/npm/node_modules/graceful-fs/graceful-fs.js:78:16)
4 verbose stack     at FSReqWrap.readFileAfterOpen [as oncomplete] (fs.js:303:13)
5 verbose cwd /Users/etulika/Projects/php/m2graphql
6 error Darwin 15.5.0
7 error argv "/opt/local/bin/node" "/opt/local/bin/npm" "run" "dev"
8 error node v4.6.1
9 error npm  v2.15.11
10 error missing script: dev
11 error If you need help, you may report this error at:
11 error     <https://github.com/npm/npm/issues>
12 verbose exit [ 1, true ]
